#-----------------------------------------------------------
# Vivado v2021.1 (64-bit)
# SW Build 3247384 on Thu Jun 10 19:36:33 MDT 2021
# IP Build 3246043 on Fri Jun 11 00:30:35 MDT 2021
# Start of session at: Thu Apr 11 21:25:25 2024
# Process ID: 25144
# Current directory: C:/Users/gonin/Documents/COMP3211/FInal_Ass/Final_Assignment_1
# Command line: vivado.exe -gui_launcher_event rodinguilauncherevent7340 C:\Users\gonin\Documents\COMP3211\FInal_Ass\Final_Assignment_1\Final_Assignment_1.xpr
# Log file: C:/Users/gonin/Documents/COMP3211/FInal_Ass/Final_Assignment_1/vivado.log
# Journal file: C:/Users/gonin/Documents/COMP3211/FInal_Ass/Final_Assignment_1\vivado.jou
#-----------------------------------------------------------
start_gui
open_project C:/Users/gonin/Documents/COMP3211/FInal_Ass/Final_Assignment_1/Final_Assignment_1.xpr
INFO: [Project 1-313] Project file moved from 'C:/Users/dhruv/Documents/Final_Assignment_1' since last save.
WARNING: [filemgmt 56-2] Default IP Output Path : Could not find the directory 'C:/Users/gonin/Documents/COMP3211/FInal_Ass/Final_Assignment_1/Final_Assignment_1.gen/sources_1', nor could it be found using path 'C:/Users/dhruv/Documents/Final_Assignment_1/Final_Assignment_1.gen/sources_1'.
CRITICAL WARNING: [Project 1-505] Unrecognized Option Name EnableResourceEstimation
CRITICAL WARNING: [Project 1-505] Unrecognized Option Name SimCompileState
CRITICAL WARNING: [Project 1-505] Unrecognized Option Name LocalIPRepoLeafDirName
CRITICAL WARNING: [Project 1-311] Could not find the file 'C:/Users/gonin/Documents/COMP3211/FInal_Ass/parity_unit.vhd', nor could it be found using path 'C:/Users/dhruv/Documents/parity_unit.vhd'.
CRITICAL WARNING: [Project 1-311] Could not find the file 'C:/Users/gonin/Documents/COMP3211/FInal_Ass/parity_TB.vhd', nor could it be found using path 'C:/Users/dhruv/Documents/parity_TB.vhd'.
Scanning sources...
Finished scanning sources
CRITICAL WARNING: [Project 1-192] Failed to load run synth_1. Strategy Vivado Synthesis Defaults (Vivado Synthesis 2022) not recognized by Vivado. 

CRITICAL WARNING: [Project 1-192] Failed to load run impl_1. Strategy Vivado Implementation Defaults (Vivado Implementation 2022) not recognized by Vivado. 

WARNING: [Project 1-231] Project 'Final_Assignment_1.xpr' was created with a future version and may or may not perform reliably with this version of Vivado. It has been opened in read-only mode for the protection of unrecognized data. Use 'File | Save Project As...' if you wish to alter a copy of the project.
INFO: [IP_Flow 19-234] Refreshing IP repositories
INFO: [IP_Flow 19-1704] No user IP repositories specified
INFO: [IP_Flow 19-2313] Loaded Vivado IP repository 'C:/Xilinx/Vivado/2021.1/data/ip'.
open_project: Time (s): cpu = 00:00:05 ; elapsed = 00:00:07 . Memory (MB): peak = 1257.594 ; gain = 0.000
update_compile_order -fileset sim_1
update_compile_order -fileset sources_1
set_property source_mgmt_mode DisplayOnly [current_project]
ERROR: [Project 1-228] Project 'Final_Assignment_1' is read-only. To save your work, please use the 'File | Save Project As...' command first.
